<?xml version="1.0" encoding="UTF-8"?>
<!-- Generated by org.testng.reporters.JUnitXMLReporter -->
<testsuite hostname="DESKTOP-KSODPJ4" ignored="12" name="ChromeTest1" tests="1" failures="1" timestamp="2022-06-08T01:02:44 GMT+07:00" time="14.224" errors="0">
  <testcase name="testn_3" time="14.085" classname="Selenium_test.Selenium_tests.TriangleGridTestsNG">
    <failure type="java.lang.AssertionError" message="expected [Please provide 3 positive values, including at least one side.] but found [+ Show Calculation Steps]">
      <![CDATA[java.lang.AssertionError: expected [Please provide 3 positive values, including at least one side.] but found [+ Show Calculation Steps]
at Selenium_test.Selenium_tests.TriangleGridTestsNG.testn_3(TriangleGridTestsNG.java:129)
at java.util.concurrent.ThreadPoolExecutor.runWorker(ThreadPoolExecutor.java:1149)
at java.util.concurrent.ThreadPoolExecutor$Worker.run(ThreadPoolExecutor.java:624)
at java.lang.Thread.run(Thread.java:748)
... Removed 18 stack frames]]>
    </failure>
  </testcase> <!-- testn_3 -->
  <testcase name="testn_1_1" time="0.0" classname="Selenium_test.Selenium_tests.TriangleGridTestsNG">
    <ignored/>
  </testcase> <!-- testn_1_1 -->
  <testcase name="testn_7" time="0.0" classname="Selenium_test.Selenium_tests.TriangleGridTestsNG">
    <ignored/>
  </testcase> <!-- testn_7 -->
  <testcase name="testp_5" time="0.0" classname="Selenium_test.Selenium_tests.TriangleGridTestsNG">
    <ignored/>
  </testcase> <!-- testp_5 -->
  <testcase name="testn_5" time="0.0" classname="Selenium_test.Selenium_tests.TriangleGridTestsNG">
    <ignored/>
  </testcase> <!-- testn_5 -->
  <testcase name="testp_3" time="0.0" classname="Selenium_test.Selenium_tests.TriangleGridTestsNG">
    <ignored/>
  </testcase> <!-- testp_3 -->
  <testcase name="testp_1" time="0.0" classname="Selenium_test.Selenium_tests.TriangleGridTestsNG">
    <ignored/>
  </testcase> <!-- testp_1 -->
  <testcase name="testn_6" time="0.0" classname="Selenium_test.Selenium_tests.TriangleGridTestsNG">
    <ignored/>
  </testcase> <!-- testn_6 -->
  <testcase name="testp_4" time="0.0" classname="Selenium_test.Selenium_tests.TriangleGridTestsNG">
    <ignored/>
  </testcase> <!-- testp_4 -->
  <testcase name="testn_1" time="0.0" classname="Selenium_test.Selenium_tests.TriangleGridTestsNG">
    <ignored/>
  </testcase> <!-- testn_1 -->
  <testcase name="testn_4" time="0.0" classname="Selenium_test.Selenium_tests.TriangleGridTestsNG">
    <ignored/>
  </testcase> <!-- testn_4 -->
  <testcase name="testp_2" time="0.0" classname="Selenium_test.Selenium_tests.TriangleGridTestsNG">
    <ignored/>
  </testcase> <!-- testp_2 -->
  <testcase name="testn_2" time="0.0" classname="Selenium_test.Selenium_tests.TriangleGridTestsNG">
    <ignored/>
  </testcase> <!-- testn_2 -->
</testsuite> <!-- ChromeTest1 -->
